Cuadrados
CUADRADO,10.0,9.0,5.0
CUADRADO,10.0,5.0,5.0
CUADRADO,10.0,8.0,2.0
CUADRADO,10.0,6.0,8.0
CUADRADO,10.0,5.0,5.0
CUADRADO,9.0,4.0,5.0
CUADRADO,9.0,6.0,4.0
CUADRADO,9.0,3.0,2.0
CUADRADO,9.0,9.0,10.0
CUADRADO,9.0,4.0,4.0
CUADRADO,8.0,6.0,2.0
CUADRADO,8.0,8.0,4.0
CUADRADO,8.0,6.0,2.0
CUADRADO,8.0,10.0,6.0
CUADRADO,8.0,4.0,9.0
CUADRADO,8.0,6.0,6.0
CUADRADO,8.0,3.0,5.0
CUADRADO,8.0,3.0,5.0
CUADRADO,8.0,9.0,9.0
CUADRADO,7.0,6.0,2.0
CUADRADO,7.0,10.0,10.0
CUADRADO,7.0,7.0,9.0
CUADRADO,7.0,3.0,7.0
CUADRADO,7.0,7.0,2.0
CUADRADO,6.0,7.0,6.0
CUADRADO,6.0,3.0,4.0
CUADRADO,6.0,9.0,6.0
CUADRADO,6.0,5.0,6.0
CUADRADO,6.0,5.0,7.0
CUADRADO,6.0,8.0,8.0
CUADRADO,6.0,9.0,3.0
CUADRADO,6.0,10.0,4.0
CUADRADO,5.0,10.0,4.0
CUADRADO,5.0,9.0,2.0
CUADRADO,5.0,3.0,6.0
CUADRADO,5.0,4.0,9.0
CUADRADO,5.0,7.0,8.0
CUADRADO,5.0,3.0,9.0
CUADRADO,5.0,4.0,9.0
CUADRADO,4.0,2.0,10.0
CUADRADO,4.0,7.0,8.0
CUADRADO,4.0,5.0,2.0
CUADRADO,4.0,8.0,10.0
CUADRADO,4.0,6.0,9.0
CUADRADO,4.0,2.0,10.0
CUADRADO,4.0,2.0,6.0
CUADRADO,4.0,4.0,4.0
CUADRADO,3.0,10.0,8.0
CUADRADO,3.0,10.0,5.0
CUADRADO,3.0,2.0,7.0
CUADRADO,3.0,7.0,10.0
CUADRADO,2.0,6.0,7.0
CUADRADO,2.0,2.0,2.0
CUADRADO,2.0,2.0,2.0
CUADRADO,2.0,9.0,10.0
Círculos
CIRCULO,10.0,7.0,9.0
CIRCULO,10.0,8.0,2.0
CIRCULO,10.0,3.0,9.0
CIRCULO,10.0,6.0,7.0
CIRCULO,10.0,2.0,7.0
CIRCULO,10.0,3.0,6.0
CIRCULO,9.0,6.0,4.0
CIRCULO,9.0,8.0,5.0
CIRCULO,9.0,9.0,6.0
CIRCULO,9.0,4.0,5.0
CIRCULO,8.0,3.0,9.0
CIRCULO,8.0,6.0,3.0
CIRCULO,8.0,3.0,8.0
CIRCULO,8.0,6.0,0.0
CIRCULO,8.0,2.0,5.0
CIRCULO,8.0,5.0,6.0
CIRCULO,7.0,2.0,7.0
CIRCULO,7.0,3.0,4.0
CIRCULO,7.0,7.0,9.0
CIRCULO,7.0,5.0,3.0
CIRCULO,7.0,2.0,10.0
CIRCULO,7.0,4.0,6.0
CIRCULO,6.0,9.0,10.0
CIRCULO,6.0,4.0,9.0
CIRCULO,6.0,2.0,6.0
CIRCULO,6.0,2.0,10.0
CIRCULO,6.0,8.0,7.0
CIRCULO,6.0,4.0,6.0
CIRCULO,6.0,2.0,8.0
CIRCULO,5.0,5.0,9.0
CIRCULO,5.0,10.0,3.0
CIRCULO,5.0,3.0,2.0
CIRCULO,5.0,4.0,2.0
CIRCULO,4.0,2.0,5.0
CIRCULO,4.0,3.0,-5.0
CIRCULO,4.0,3.0,6.0
CIRCULO,4.0,10.0,5.0
CIRCULO,4.0,10.0,9.0
CIRCULO,4.0,4.0,2.0
CIRCULO,3.0,10.0,4.0
CIRCULO,3.0,9.0,2.0
CIRCULO,3.0,6.0,10.0
CIRCULO,3.0,2.0,2.0
CIRCULO,3.0,6.0,4.0
CIRCULO,3.0,7.0,9.0
CIRCULO,3.0,6.0,2.0
CIRCULO,2.0,6.0,7.0
CIRCULO,2.0,2.0,3.0
CIRCULO,2.0,8.0,8.0
CIRCULO,2.0,6.0,7.0
CIRCULO,2.0,6.0,9.0
CIRCULO,2.0,6.0,2.0
CIRCULO,2.0,8.0,6.0
Elipses
ELIPSE,10.0,9.0,2.0,6.0
ELIPSE,10.0,8.0,3.0,8.0
ELIPSE,10.0,8.0,9.0,8.0
ELIPSE,9.0,8.0,8.0,9.0
ELIPSE,9.0,8.0,10.0,9.0
ELIPSE,10.0,7.0,2.0,5.0
ELIPSE,8.0,8.0,6.0,4.0
ELIPSE,8.0,8.0,6.0,4.0
ELIPSE,8.0,8.0,6.0,4.0
ELIPSE,9.0,7.0,10.0,10.0
ELIPSE,9.0,7.0,9.0,9.0
ELIPSE,9.0,7.0,7.0,10.0
ELIPSE,10.0,6.0,10.0,3.0
ELIPSE,10.0,6.0,3.0,6.0
ELIPSE,8.0,7.0,3.0,10.0
ELIPSE,7.0,7.0,6.0,7.0
ELIPSE,8.0,6.0,7.0,6.0
ELIPSE,9.0,5.0,8.0,7.0
ELIPSE,9.0,5.0,10.0,10.0
ELIPSE,7.0,6.0,3.0,9.0
ELIPSE,7.0,6.0,9.0,9.0
ELIPSE,10.0,4.0,6.0,8.0
ELIPSE,10.0,4.0,4.0,3.0
ELIPSE,8.0,5.0,7.0,6.0
ELIPSE,10.0,4.0,8.0,2.0
ELIPSE,9.0,4.0,9.0,5.0
ELIPSE,9.0,4.0,9.0,10.0
ELIPSE,9.0,4.0,3.0,2.0
ELIPSE,9.0,4.0,4.0,7.0
ELIPSE,7.0,5.0,7.0,7.0
ELIPSE,7.0,5.0,6.0,3.0
ELIPSE,8.0,4.0,7.0,10.0
ELIPSE,8.0,4.0,9.0,10.0
ELIPSE,6.0,5.0,4.0,2.0
ELIPSE,10.0,3.0,3.0,8.0
ELIPSE,6.0,5.0,9.0,4.0
ELIPSE,7.0,4.0,10.0,3.0
ELIPSE,7.0,4.0,2.0,10.0
ELIPSE,7.0,3.0,6.0,10.0
ELIPSE,10.0,2.0,6.0,5.0
ELIPSE,9.0,2.0,8.0,7.0
ELIPSE,6.0,3.0,2.0,5.0
ELIPSE,4.0,4.0,3.0,10.0
ELIPSE,4.0,4.0,3.0,2.0
ELIPSE,4.0,4.0,4.0,8.0
ELIPSE,4.0,4.0,9.0,5.0
ELIPSE,5.0,3.0,5.0,4.0
ELIPSE,7.0,2.0,5.0,3.0
ELIPSE,3.0,3.0,6.0,7.0
ELIPSE,3.0,3.0,5.0,8.0
ELIPSE,3.0,2.0,4.0,5.0
ELIPSE,3.0,2.0,8.0,5.0
ELIPSE,3.0,2.0,8.0,3.0
ELIPSE,3.0,2.0,10.0,4.0
ELIPSE,2.0,2.0,8.0,10.0
Rectángulos
RECTANGULO,2.0,6.0,10.0,10.0
RECTANGULO,10.0,4.0,2.0,8.0
RECTANGULO,3.0,2.0,8.0,7.0
RECTANGULO,6.0,3.0,10.0,9.0
RECTANGULO,6.0,5.0,10.0,10.0
RECTANGULO,10.0,4.0,6.0,9.0
RECTANGULO,5.0,6.0,10.0,10.0
RECTANGULO,6.0,2.0,2.0,7.0
RECTANGULO,4.0,4.0,7.0,10.0
RECTANGULO,9.0,6.0,5.0,10.0
RECTANGULO,5.0,5.0,9.0,9.0
RECTANGULO,10.0,5.0,7.0,10.0
RECTANGULO,4.0,7.0,9.0,10.0
RECTANGULO,10.0,4.0,3.0,6.0
RECTANGULO,9.0,4.0,7.0,10.0
RECTANGULO,8.0,3.0,5.0,7.0
RECTANGULO,8.0,4.0,10.0,9.0
RECTANGULO,4.0,3.0,7.0,6.0
RECTANGULO,2.0,2.0,10.0,3.0
RECTANGULO,7.0,4.0,3.0,6.0
RECTANGULO,5.0,2.0,6.0,9.0
RECTANGULO,8.0,4.0,2.0,5.0
RECTANGULO,2.0,3.0,4.0,6.0
RECTANGULO,3.0,6.0,5.0,9.0
RECTANGULO,4.0,6.0,7.0,8.0
RECTANGULO,2.0,7.0,5.0,9.0
RECTANGULO,4.0,7.0,7.0,9.0
RECTANGULO,6.0,5.0,7.0,10.0
RECTANGULO,8.0,2.0,10.0,4.0
RECTANGULO,6.0,6.0,4.0,8.0
RECTANGULO,6.0,2.0,2.0,3.0
RECTANGULO,10.0,6.0,9.0,10.0
RECTANGULO,2.0,5.0,3.0,8.0
RECTANGULO,10.0,5.0,9.0,8.0
RECTANGULO,8.0,6.0,9.0,9.0
RECTANGULO,7.0,8.0,8.0,10.0
RECTANGULO,8.0,4.0,10.0,5.0
RECTANGULO,8.0,3.0,7.0,5.0
RECTANGULO,3.0,5.0,4.0,7.0
RECTANGULO,3.0,5.0,4.0,7.0
RECTANGULO,8.0,4.0,10.0,5.0
RECTANGULO,4.0,4.0,5.0,6.0
RECTANGULO,6.0,2.0,5.0,3.0
RECTANGULO,6.0,4.0,5.0,5.0
RECTANGULO,9.0,4.0,8.0,5.0
Triángulos
TRIANGULO,5.0,2.0,10.0,6.0,4.0,10.0
TRIANGULO,10.0,2.0,9.0,7.0,2.0,2.0
TRIANGULO,2.0,10.0,6.0,3.0,2.0,2.0
TRIANGULO,7.0,10.0,4.0,2.0,2.0,7.0
TRIANGULO,5.0,8.0,9.0,6.0,3.0,2.0
TRIANGULO,10.0,8.0,4.0,9.0,7.0,4.0
TRIANGULO,9.0,3.0,4.0,2.0,7.0,8.0
TRIANGULO,6.0,2.0,9.0,4.0,7.0,10.0
TRIANGULO,6.0,3.0,9.0,4.0,6.0,10.0
TRIANGULO,6.0,2.0,6.0,7.0,2.0,7.0
TRIANGULO,6.0,8.0,5.0,3.0,2.0,7.0
TRIANGULO,9.0,4.0,7.0,7.0,2.0,6.0
TRIANGULO,10.0,10.0,6.0,6.0,4.0,8.0
TRIANGULO,4.0,4.0,10.0,7.0,3.0,6.0
TRIANGULO,5.0,4.0,5.0,7.0,10.0,8.0
TRIANGULO,10.0,8.0,3.0,8.0,5.0,6.0
TRIANGULO,8.0,2.0,6.0,3.0,7.0,9.0
TRIANGULO,3.0,7.0,9.0,3.0,6.0,7.0
TRIANGULO,3.0,4.0,6.0,4.0,7.0,8.0
TRIANGULO,7.0,2.0,6.0,5.0,3.0,3.0
TRIANGULO,4.0,6.0,5.0,7.0,10.0,2.0
TRIANGULO,5.0,5.0,3.0,5.0,7.0,10.0
TRIANGULO,4.0,7.0,7.0,9.0,9.0,7.0
TRIANGULO,5.0,7.0,6.0,3.0,3.0,5.0
TRIANGULO,8.0,3.0,5.0,7.0,5.0,4.0
TRIANGULO,7.0,9.0,10.0,9.0,6.0,6.0
TRIANGULO,6.0,2.0,9.0,5.0,10.0,9.0
TRIANGULO,4.0,7.0,7.0,7.0,10.0,10.0
TRIANGULO,2.0,8.0,2.0,9.0,10.0,5.0
TRIANGULO,10.0,9.0,5.0,5.0,7.0,5.0
TRIANGULO,8.0,3.0,2.0,8.0,7.0,5.0
TRIANGULO,7.0,5.0,4.0,9.0,5.0,10.0
TRIANGULO,3.0,3.0,2.0,5.0,3.0,9.0
TRIANGULO,6.0,4.0,5.0,9.0,7.0,5.0
TRIANGULO,4.0,6.0,3.0,5.0,6.0,2.0
TRIANGULO,5.0,2.0,2.0,6.0,2.0,8.0
TRIANGULO,2.0,8.0,4.0,6.0,3.0,4.0
TRIANGULO,9.0,8.0,8.0,10.0,9.0,3.0
TRIANGULO,6.0,6.0,8.0,8.0,2.0,4.0
TRIANGULO,6.0,8.0,6.0,6.0,8.0,2.0
TRIANGULO,5.0,6.0,6.0,9.0,5.0,10.0
TRIANGULO,5.0,5.0,5.0,2.0,4.0,6.0
TRIANGULO,2.0,5.0,5.0,2.0,6.0,2.0
TRIANGULO,6.0,2.0,10.0,7.0,7.0,4.0
TRIANGULO,4.0,7.0,3.0,6.0,6.0,7.0
TRIANGULO,7.0,5.0,9.0,7.0,7.0,6.0
TRIANGULO,5.0,5.0,8.0,4.0,9.0,3.0
TRIANGULO,5.0,8.0,6.0,9.0,4.0,6.0
TRIANGULO,4.0,3.0,7.0,7.0,6.0,6.0
