TRIANGULO,10.0,2.0,9.0,7.0,2.0,2.0
TRIANGULO,2.0,10.0,6.0,3.0,2.0,2.0
TRIANGULO,6.0,3.0,9.0,4.0,6.0,10.0
TRIANGULO,6.0,2.0,6.0,7.0,2.0,7.0
TRIANGULO,5.0,4.0,5.0,7.0,10.0,8.0
TRIANGULO,10.0,8.0,3.0,8.0,5.0,6.0
TRIANGULO,3.0,7.0,9.0,3.0,6.0,7.0
TRIANGULO,3.0,4.0,6.0,4.0,7.0,8.0
TRIANGULO,5.0,5.0,3.0,5.0,7.0,10.0
TRIANGULO,4.0,7.0,7.0,9.0,9.0,7.0
TRIANGULO,8.0,3.0,5.0,7.0,5.0,4.0
TRIANGULO,7.0,9.0,10.0,9.0,6.0,6.0
TRIANGULO,4.0,7.0,7.0,7.0,10.0,10.0
TRIANGULO,2.0,8.0,2.0,9.0,10.0,5.0
TRIANGULO,10.0,9.0,5.0,5.0,7.0,5.0
TRIANGULO,3.0,3.0,2.0,5.0,3.0,9.0
TRIANGULO,5.0,2.0,2.0,6.0,2.0,8.0
TRIANGULO,9.0,8.0,8.0,10.0,9.0,3.0
TRIANGULO,6.0,8.0,6.0,6.0,8.0,2.0
TRIANGULO,5.0,6.0,6.0,9.0,5.0,10.0
TRIANGULO,5.0,5.0,5.0,2.0,4.0,6.0
TRIANGULO,2.0,5.0,5.0,2.0,6.0,2.0
TRIANGULO,4.0,7.0,3.0,6.0,6.0,7.0
TRIANGULO,7.0,5.0,9.0,7.0,7.0,6.0
SEGMENTO,9.0,5.0,4.0,5.0
SEGMENTO,8.0,4.0,4.0,4.0
SEGMENTO,6.0,6.0,6.0,10.0
SEGMENTO,3.0,7.0,7.0,7.0
SEGMENTO,5.0,5.0,7.0,5.0
